SF:lib\main.dart
DA:13,0
DA:14,0
DA:16,0
DA:17,0
DA:19,0
DA:20,0
DA:21,0
DA:26,0
DA:28,0
DA:30,0
DA:31,0
DA:34,0
DA:36,0
DA:37,0
DA:39,0
DA:40,0
DA:43,0
DA:47,2
DA:50,0
DA:52,0
DA:53,0
DA:55,0
DA:57,0
DA:60,0
LF:24
LH:1
end_of_record
SF:lib\src\models\settings.dart
DA:6,0
DA:12,0
DA:14,0
DA:17,0
DA:18,0
DA:19,0
DA:20,0
DA:21,0
DA:25,0
DA:26,0
DA:27,0
DA:28,0
DA:29,0
LF:13
LH:0
end_of_record
SF:lib\src\servics\api_service.dart
DA:17,0
DA:19,0
DA:22,0
DA:24,0
DA:26,0
DA:27,0
DA:31,0
DA:37,0
DA:40,0
DA:42,0
DA:44,0
DA:45,0
DA:49,0
DA:50,0
DA:56,0
DA:58,0
DA:59,0
DA:60,0
DA:63,0
DA:64,0
DA:68,0
DA:70,0
DA:72,0
DA:80,0
DA:83,0
DA:84,0
DA:86,0
DA:87,0
DA:93,0
DA:94,0
DA:95,0
DA:98,0
DA:99,0
DA:103,0
DA:105,0
DA:107,0
DA:108,0
DA:113,0
DA:119,0
DA:121,0
DA:122,0
DA:123,0
DA:125,0
DA:130,0
DA:131,0
DA:132,0
DA:134,0
DA:137,0
DA:138,0
DA:142,0
DA:144,0
DA:146,0
DA:154,0
DA:157,0
DA:158,0
DA:160,0
LF:56
LH:0
end_of_record
SF:lib\src\servics\data_service.dart
DA:16,0
DA:18,0
DA:20,0
DA:23,0
DA:25,0
DA:26,0
DA:29,0
DA:30,0
DA:36,0
DA:42,0
DA:44,0
DA:45,0
DA:48,0
DA:54,0
DA:62,0
DA:64,0
DA:67,0
DA:70,0
DA:72,0
DA:74,0
DA:75,0
DA:77,0
DA:78,0
DA:80,0
DA:84,0
DA:86,0
DA:88,0
DA:89,0
DA:91,0
DA:97,0
DA:100,0
DA:102,0
DA:103,0
DA:104,0
DA:105,0
DA:106,0
DA:108,0
LF:37
LH:0
end_of_record
SF:lib\src\servics\database_service.dart
DA:15,1
DA:16,1
DA:17,1
DA:19,1
DA:20,3
DA:21,3
DA:22,3
DA:24,1
DA:28,1
DA:29,3
DA:30,3
DA:40,1
DA:50,1
DA:60,1
DA:62,1
DA:65,1
DA:66,1
DA:67,1
DA:70,1
DA:71,3
DA:72,3
DA:74,1
DA:77,1
DA:79,1
DA:80,1
DA:81,1
DA:82,1
DA:84,1
DA:88,1
DA:90,4
DA:92,1
DA:96,2
DA:98,1
DA:102,1
DA:105,1
DA:106,1
DA:109,2
DA:111,1
DA:115,2
DA:117,1
DA:121,1
DA:124,1
DA:126,1
DA:130,2
DA:132,1
DA:134,1
DA:137,0
DA:138,0
DA:139,0
DA:143,0
DA:144,0
DA:147,0
DA:149,0
DA:153,0
DA:156,0
DA:161,0
DA:162,0
DA:163,0
DA:164,0
DA:172,0
DA:177,1
DA:178,3
DA:179,3
DA:183,1
DA:185,1
DA:190,1
DA:197,0
DA:200,3
DA:202,1
DA:208,1
DA:210,1
DA:211,1
DA:212,1
DA:213,1
DA:214,1
DA:215,1
DA:217,0
DA:220,1
LF:78
LH:62
end_of_record
SF:lib\src\servics\file_service.dart
DA:12,1
DA:13,1
DA:15,1
DA:18,1
DA:19,1
DA:20,2
DA:23,1
DA:24,1
DA:25,3
DA:28,0
DA:30,0
DA:33,0
DA:35,0
DA:38,0
DA:42,0
DA:43,0
DA:46,0
LF:17
LH:9
end_of_record
SF:lib\src\views\barcode\barcode_view.dart
DA:8,6
DA:10,0
DA:12,0
DA:13,0
DA:14,0
LF:5
LH:1
end_of_record
SF:lib\src\views\setup\setup_view.dart
DA:8,2
DA:10,0
DA:12,0
DA:13,0
DA:14,0
LF:5
LH:1
end_of_record
SF:lib\src\datasources\groceries.dart
DA:12,0
DA:14,0
DA:16,0
DA:17,0
DA:18,0
DA:20,0
DA:23,0
DA:24,0
DA:26,0
DA:30,0
DA:33,0
DA:36,0
DA:37,0
DA:39,0
DA:42,0
DA:44,0
DA:46,0
DA:48,0
DA:52,0
DA:53,0
DA:54,0
LF:21
LH:0
end_of_record
SF:lib\src\models\paged_data.dart
DA:7,0
DA:12,0
DA:14,0
DA:17,0
DA:18,0
DA:20,0
DA:21,0
DA:22,0
DA:23,0
DA:25,0
DA:30,0
DA:32,0
LF:12
LH:0
end_of_record
SF:lib\src\models\grocery_list_item.dart
DA:11,2
DA:20,1
DA:22,7
DA:24,0
DA:27,1
DA:28,1
DA:31,1
DA:34,2
DA:35,0
DA:37,2
DA:40,1
DA:41,1
DA:42,1
DA:43,1
DA:45,1
DA:46,1
LF:16
LH:14
end_of_record
SF:lib\src\datasources\pantry_search.dart
DA:15,0
DA:17,0
DA:19,0
DA:20,0
DA:21,0
DA:23,0
DA:24,0
DA:26,0
DA:27,0
DA:29,0
DA:30,0
DA:31,0
DA:32,0
DA:33,0
DA:40,0
DA:41,0
DA:43,0
DA:44,0
DA:51,0
DA:54,0
DA:57,0
DA:59,0
DA:60,0
DA:62,0
DA:65,0
DA:67,0
DA:69,0
DA:71,0
DA:75,0
DA:76,0
DA:77,0
DA:81,0
DA:82,0
DA:84,0
DA:86,0
DA:89,0
DA:90,0
DA:93,0
DA:94,0
DA:95,0
DA:96,0
DA:97,0
DA:98,0
DA:99,0
DA:101,0
DA:102,0
DA:104,0
LF:47
LH:0
end_of_record
SF:lib\src\models\inventory_item.dart
DA:11,2
DA:18,1
DA:20,5
DA:22,0
DA:25,1
DA:26,1
DA:29,1
DA:32,2
DA:33,0
DA:35,2
DA:39,1
DA:40,0
DA:42,1
DA:43,1
DA:44,1
DA:45,1
DA:46,1
DA:49,1
DA:50,1
DA:51,1
DA:57,0
DA:58,0
DA:59,0
DA:60,0
DA:61,0
DA:62,0
LF:26
LH:17
end_of_record
SF:lib\src\models\product.dart
DA:9,2
DA:16,1
DA:17,5
DA:19,0
DA:22,1
DA:23,1
DA:26,1
DA:27,1
DA:28,1
DA:29,1
DA:30,1
DA:31,1
DA:35,0
DA:36,0
DA:37,0
DA:38,0
DA:39,0
DA:40,0
LF:18
LH:11
end_of_record
SF:lib\src\models\brocade_upc_lookup.dart
DA:6,0
DA:8,0
DA:9,0
DA:10,0
DA:11,0
DA:12,0
LF:6
LH:0
end_of_record
SF:lib\src\models\create_grocery_item.dart
DA:9,0
LF:1
LH:0
end_of_record
SF:lib\src\models\gtin_upc_lookup.dart
DA:6,0
DA:8,0
DA:9,0
DA:10,0
DA:11,0
DA:12,0
LF:6
LH:0
end_of_record
SF:lib\src\pages\barcode_page.dart
DA:12,4
DA:14,0
DA:15,0
DA:27,0
DA:29,0
DA:31,0
DA:32,0
DA:33,0
DA:34,0
DA:35,0
DA:37,0
DA:38,0
DA:47,0
DA:48,0
DA:52,0
DA:56,0
DA:65,0
DA:67,0
DA:73,0
DA:75,0
DA:79,0
DA:83,0
DA:84,0
DA:86,0
DA:87,0
DA:92,0
DA:94,0
DA:96,0
DA:97,0
DA:99,0
DA:100,0
DA:102,0
DA:106,0
DA:111,0
DA:112,0
DA:113,0
DA:114,0
DA:116,0
DA:117,0
DA:123,0
DA:124,0
DA:125,0
DA:126,0
DA:129,0
LF:44
LH:1
end_of_record
SF:lib\src\servics\logger.dart
DA:3,0
DA:4,0
LF:2
LH:0
end_of_record
SF:lib\src\pages\create_grocery_list_page.dart
DA:10,4
DA:12,0
DA:13,0
DA:21,0
DA:23,0
DA:24,0
DA:25,0
DA:29,0
DA:30,0
DA:31,0
DA:32,0
DA:33,0
DA:34,0
DA:35,0
DA:36,0
DA:37,0
DA:38,0
DA:39,0
DA:42,0
DA:43,0
DA:44,0
DA:45,0
DA:46,0
DA:47,0
DA:48,0
DA:58,0
DA:61,0
DA:63,0
DA:64,0
DA:67,0
DA:68,0
DA:70,0
DA:71,0
DA:72,0
DA:73,0
DA:74,0
DA:75,0
DA:76,0
DA:77,0
DA:78,0
DA:79,0
DA:83,0
DA:84,0
DA:85,0
DA:86,0
DA:87,0
DA:88,0
DA:89,0
DA:90,0
DA:92,0
DA:93,0
DA:95,0
DA:96,0
DA:110,0
DA:112,0
DA:113,0
DA:114,0
DA:115,0
DA:116,0
DA:117,0
DA:121,0
DA:122,0
DA:123,0
DA:124,0
DA:128,0
DA:129,0
DA:130,0
DA:131,0
DA:132,0
DA:135,0
DA:136,0
LF:71
LH:1
end_of_record
SF:lib\src\servics\groceries_service.dart
DA:7,0
DA:8,0
DA:10,0
DA:12,0
DA:13,0
DA:14,0
DA:15,0
DA:18,0
LF:8
LH:0
end_of_record
SF:lib\src\views\grocery\grocery_list_view.dart
DA:8,4
DA:10,0
DA:12,0
DA:13,0
DA:14,0
LF:5
LH:1
end_of_record
SF:lib\src\pages\grocery_list_page.dart
DA:9,4
DA:11,0
DA:12,0
DA:21,0
DA:23,0
DA:24,0
DA:30,0
DA:33,0
DA:35,0
DA:37,0
DA:38,0
DA:44,0
DA:46,0
DA:47,0
DA:48,0
DA:49,0
DA:51,0
DA:53,0
DA:54,0
DA:56,0
DA:60,0
DA:61,0
DA:71,0
DA:73,0
DA:75,0
DA:76,0
DA:79,0
DA:80,0
DA:90,0
DA:91,0
DA:93,0
DA:96,0
DA:108,0
DA:110,0
DA:111,0
DA:112,0
DA:113,0
DA:114,0
DA:115,0
DA:123,0
DA:124,0
LF:41
LH:1
end_of_record
SF:lib\src\views\grocery\create_grocery_list_view.dart
DA:8,4
DA:10,0
DA:12,0
DA:13,0
DA:14,0
LF:5
LH:1
end_of_record
SF:lib\src\pages\pantry_page.dart
DA:9,4
DA:11,0
DA:12,0
DA:20,0
DA:22,0
DA:23,0
DA:30,0
DA:33,0
DA:35,0
DA:37,0
DA:38,0
DA:43,0
DA:45,0
DA:46,0
DA:47,0
DA:48,0
DA:52,0
DA:53,0
DA:54,0
DA:56,0
DA:57,0
DA:58,0
DA:61,0
LF:23
LH:1
end_of_record
SF:lib\src\pages\setup_page.dart
DA:15,4
DA:17,0
DA:18,0
DA:29,0
DA:30,0
DA:32,0
DA:33,0
DA:36,0
DA:38,0
DA:40,0
DA:42,0
DA:43,0
DA:46,0
DA:47,0
DA:48,0
DA:49,0
DA:50,0
DA:53,0
DA:54,0
DA:58,0
DA:59,0
DA:68,0
DA:69,0
DA:71,0
DA:73,0
DA:77,0
DA:78,0
DA:79,0
DA:80,0
DA:88,0
DA:89,0
DA:90,0
DA:91,0
DA:92,0
DA:93,0
DA:95,0
DA:97,0
DA:98,0
DA:100,0
DA:101,0
DA:103,0
DA:104,0
DA:106,0
DA:108,0
DA:109,0
DA:113,0
DA:115,0
DA:117,0
DA:118,0
DA:119,0
DA:120,0
DA:128,0
DA:129,0
LF:53
LH:1
end_of_record
SF:lib\src\views\barcode\barcode_view_mobile.dart
DA:9,0
DA:11,0
DA:13,0
DA:14,0
DA:15,0
DA:17,0
DA:19,0
DA:20,0
DA:22,0
DA:24,0
DA:25,0
LF:11
LH:0
end_of_record
SF:lib\src\views\barcode\barcode_view_tablet.dart
DA:7,2
DA:9,0
DA:11,0
DA:17,0
DA:18,0
DA:19,0
DA:20,0
DA:21,0
LF:8
LH:1
end_of_record
SF:lib\src\widgets\app_drawer.dart
DA:13,16
DA:15,0
DA:17,0
DA:18,0
DA:19,0
DA:20,0
DA:21,0
DA:26,0
DA:27,0
LF:9
LH:1
end_of_record
SF:lib\src\views\grocery\create_grocery_list_view_mobile.dart
DA:9,0
DA:11,0
DA:13,0
DA:14,0
DA:15,0
DA:17,0
DA:19,0
DA:20,0
DA:22,0
DA:24,0
DA:25,0
LF:11
LH:0
end_of_record
SF:lib\src\views\grocery\create_grocery_list_view_tablet.dart
DA:7,2
DA:9,0
DA:11,0
DA:17,0
DA:18,0
DA:19,0
DA:20,0
DA:21,0
LF:8
LH:1
end_of_record
SF:lib\src\views\grocery\grocery_list_view_mobile.dart
DA:9,0
DA:11,0
DA:13,0
DA:14,0
DA:15,0
DA:17,0
DA:19,0
DA:20,0
DA:22,0
DA:24,0
DA:25,0
LF:11
LH:0
end_of_record
SF:lib\src\views\grocery\grocery_list_view_tablet.dart
DA:7,2
DA:9,0
DA:11,0
DA:17,0
DA:18,0
DA:19,0
DA:20,0
DA:21,0
LF:8
LH:1
end_of_record
SF:lib\src\views\pantry\pantry_view.dart
DA:8,2
DA:10,0
DA:12,0
DA:13,0
DA:14,0
LF:5
LH:1
end_of_record
SF:lib\src\views\pantry\pantry_view_mobile.dart
DA:9,0
DA:11,0
DA:13,0
DA:14,0
DA:15,0
DA:17,0
DA:19,0
DA:20,0
DA:22,0
DA:24,0
DA:25,0
LF:11
LH:0
end_of_record
SF:lib\src\views\pantry\pantry_view_tablet.dart
DA:7,2
DA:9,0
DA:11,0
DA:17,0
DA:18,0
DA:19,0
DA:20,0
DA:21,0
LF:8
LH:1
end_of_record
SF:lib\src\views\setup\setup_view_mobile.dart
DA:6,2
DA:8,0
LF:2
LH:1
end_of_record
SF:lib\src\views\setup\setup_view_tablet.dart
DA:6,2
DA:8,0
DA:10,0
DA:15,0
DA:16,0
DA:17,0
DA:18,0
DA:19,0
LF:8
LH:1
end_of_record
SF:lib\src\widgets\app_drawer_mobile.dart
DA:6,2
DA:8,0
DA:10,0
DA:11,0
DA:12,0
DA:19,0
DA:20,0
LF:7
LH:1
end_of_record
SF:lib\src\widgets\app_drawer_tablet.dart
DA:6,2
DA:8,0
DA:10,0
DA:18,0
DA:19,0
DA:26,2
DA:28,0
DA:30,0
DA:38,0
DA:39,0
LF:10
LH:2
end_of_record
SF:lib\src\widgets\drawer_option.dart
DA:12,2
DA:17,0
DA:19,0
DA:21,0
DA:22,0
DA:23,0
DA:24,0
DA:25,0
DA:27,0
DA:28,0
DA:29,0
DA:30,0
DA:33,0
DA:34,0
DA:35,0
DA:36,0
DA:37,0
DA:39,0
DA:40,0
DA:41,0
DA:42,0
LF:21
LH:1
end_of_record
SF:lib\src\widgets\drawer_option_mobile.dart
DA:8,0
DA:13,0
DA:15,0
DA:17,0
DA:20,0
DA:21,0
DA:22,0
DA:23,0
DA:24,0
DA:25,0
DA:26,0
DA:27,0
DA:33,0
DA:34,0
DA:47,0
DA:51,0
DA:53,0
DA:55,0
DA:58,0
DA:59,0
DA:60,0
DA:61,0
DA:62,0
DA:63,0
LF:24
LH:0
end_of_record
SF:lib\src\widgets\drawer_option_tablet.dart
DA:8,0
DA:13,0
DA:15,0
DA:17,0
DA:20,0
DA:22,0
DA:23,0
DA:24,0
DA:25,0
DA:26,0
DA:27,0
DA:28,0
DA:31,0
LF:13
LH:0
end_of_record
